<?xml version="1.0" encoding="UTF-8" ?>
<testsuite failures="0" time="0.448" errors="0" skipped="0" tests="9" name="org.szanto.domain.PizzaIntegrationTest">
  <properties>
    <property name="java.runtime.name" value="Java(TM) SE Runtime Environment"/>
    <property name="sun.boot.library.path" value="/usr/lib/jvm/jdk1.6.0_32/jre/lib/amd64"/>
    <property name="java.vm.version" value="20.7-b02"/>
    <property name="java.vm.vendor" value="Sun Microsystems Inc."/>
    <property name="java.vendor.url" value="http://java.sun.com/"/>
    <property name="path.separator" value=":"/>
    <property name="java.vm.name" value="Java HotSpot(TM) 64-Bit Server VM"/>
    <property name="file.encoding.pkg" value="sun.io"/>
    <property name="user.country" value="US"/>
    <property name="sun.java.launcher" value="SUN_STANDARD"/>
    <property name="sun.os.patch.level" value="unknown"/>
    <property name="java.vm.specification.name" value="Java Virtual Machine Specification"/>
    <property name="user.dir" value="/opt/dev/vaadin-roo-example"/>
    <property name="java.runtime.version" value="1.6.0_32-b05"/>
    <property name="java.awt.graphicsenv" value="sun.awt.X11GraphicsEnvironment"/>
    <property name="basedir" value="/opt/dev/vaadin-roo-example"/>
    <property name="java.endorsed.dirs" value="/usr/lib/jvm/jdk1.6.0_32/jre/lib/endorsed"/>
    <property name="os.arch" value="amd64"/>
    <property name="surefire.real.class.path" value="/opt/dev/vaadin-roo-example/target/surefire/surefirebooter8416510455509808681.jar"/>
    <property name="java.io.tmpdir" value="/tmp"/>
    <property name="line.separator" value="
"/>
    <property name="java.vm.specification.vendor" value="Sun Microsystems Inc."/>
    <property name="os.name" value="Linux"/>
    <property name="sun.jnu.encoding" value="UTF-8"/>
    <property name="java.library.path" value="/usr/lib/jvm/jdk1.6.0_32/jre/lib/amd64/server:/usr/lib/jvm/jdk1.6.0_32/jre/lib/amd64:/usr/lib/jvm/jdk1.6.0_32/jre/../lib/amd64:/usr/java/packages/lib/amd64:/usr/lib64:/lib64:/lib:/usr/lib"/>
    <property name="surefire.test.class.path" value="/opt/dev/vaadin-roo-example/target/test-classes:/opt/dev/vaadin-roo-example/target/classes:/home/pszanto/.m2/repository/junit/junit/4.8.2/junit-4.8.2.jar:/home/pszanto/.m2/repository/log4j/log4j/1.2.16/log4j-1.2.16.jar:/home/pszanto/.m2/repository/org/slf4j/slf4j-api/1.6.1/slf4j-api-1.6.1.jar:/home/pszanto/.m2/repository/org/slf4j/jcl-over-slf4j/1.6.1/jcl-over-slf4j-1.6.1.jar:/home/pszanto/.m2/repository/org/slf4j/slf4j-log4j12/1.6.1/slf4j-log4j12-1.6.1.jar:/home/pszanto/.m2/repository/org/aspectj/aspectjrt/1.6.11/aspectjrt-1.6.11.jar:/home/pszanto/.m2/repository/org/aspectj/aspectjweaver/1.6.11/aspectjweaver-1.6.11.jar:/home/pszanto/.m2/repository/javax/servlet/servlet-api/2.5/servlet-api-2.5.jar:/home/pszanto/.m2/repository/net/sf/flexjson/flexjson/2.1/flexjson-2.1.jar:/home/pszanto/.m2/repository/org/springframework/roo/org.springframework.roo.annotations/1.2.2.RELEASE/org.springframework.roo.annotations-1.2.2.RELEASE.jar:/home/pszanto/.m2/repository/org/apache/commons/commons-lang3/3.0/commons-lang3-3.0.jar:/home/pszanto/.m2/repository/commons-io/commons-io/2.1/commons-io-2.1.jar:/home/pszanto/.m2/repository/commons-codec/commons-codec/1.6/commons-codec-1.6.jar:/home/pszanto/.m2/repository/org/springframework/spring-core/3.1.0.RELEASE/spring-core-3.1.0.RELEASE.jar:/home/pszanto/.m2/repository/org/springframework/spring-asm/3.1.0.RELEASE/spring-asm-3.1.0.RELEASE.jar:/home/pszanto/.m2/repository/org/springframework/spring-test/3.1.0.RELEASE/spring-test-3.1.0.RELEASE.jar:/home/pszanto/.m2/repository/org/springframework/spring-context/3.1.0.RELEASE/spring-context-3.1.0.RELEASE.jar:/home/pszanto/.m2/repository/org/springframework/spring-aop/3.1.0.RELEASE/spring-aop-3.1.0.RELEASE.jar:/home/pszanto/.m2/repository/aopalliance/aopalliance/1.0/aopalliance-1.0.jar:/home/pszanto/.m2/repository/org/springframework/spring-beans/3.1.0.RELEASE/spring-beans-3.1.0.RELEASE.jar:/home/pszanto/.m2/repository/org/springframework/spring-expression/3.1.0.RELEASE/spring-expression-3.1.0.RELEASE.jar:/home/pszanto/.m2/repository/org/springframework/spring-aspects/3.1.0.RELEASE/spring-aspects-3.1.0.RELEASE.jar:/home/pszanto/.m2/repository/org/springframework/spring-context-support/3.1.0.RELEASE/spring-context-support-3.1.0.RELEASE.jar:/home/pszanto/.m2/repository/org/springframework/spring-tx/3.1.0.RELEASE/spring-tx-3.1.0.RELEASE.jar:/home/pszanto/.m2/repository/org/hsqldb/hsqldb/1.8.0.10/hsqldb-1.8.0.10.jar:/home/pszanto/.m2/repository/org/hibernate/hibernate-core/3.6.9.Final/hibernate-core-3.6.9.Final.jar:/home/pszanto/.m2/repository/antlr/antlr/2.7.6/antlr-2.7.6.jar:/home/pszanto/.m2/repository/commons-collections/commons-collections/3.2.1/commons-collections-3.2.1.jar:/home/pszanto/.m2/repository/dom4j/dom4j/1.6.1/dom4j-1.6.1.jar:/home/pszanto/.m2/repository/org/hibernate/hibernate-commons-annotations/3.2.0.Final/hibernate-commons-annotations-3.2.0.Final.jar:/home/pszanto/.m2/repository/org/hibernate/javax/persistence/hibernate-jpa-2.0-api/1.0.1.Final/hibernate-jpa-2.0-api-1.0.1.Final.jar:/home/pszanto/.m2/repository/javax/transaction/jta/1.1/jta-1.1.jar:/home/pszanto/.m2/repository/org/hibernate/hibernate-entitymanager/3.6.9.Final/hibernate-entitymanager-3.6.9.Final.jar:/home/pszanto/.m2/repository/javassist/javassist/3.12.0.GA/javassist-3.12.0.GA.jar:/home/pszanto/.m2/repository/org/hibernate/hibernate-validator/4.2.0.Final/hibernate-validator-4.2.0.Final.jar:/home/pszanto/.m2/repository/javax/validation/validation-api/1.0.0.GA/validation-api-1.0.0.GA.jar:/home/pszanto/.m2/repository/cglib/cglib-nodep/2.2.2/cglib-nodep-2.2.2.jar:/home/pszanto/.m2/repository/org/springframework/spring-jdbc/3.1.0.RELEASE/spring-jdbc-3.1.0.RELEASE.jar:/home/pszanto/.m2/repository/org/springframework/spring-orm/3.1.0.RELEASE/spring-orm-3.1.0.RELEASE.jar:/home/pszanto/.m2/repository/commons-pool/commons-pool/1.5.6/commons-pool-1.5.6.jar:/home/pszanto/.m2/repository/commons-dbcp/commons-dbcp/1.3/commons-dbcp-1.3.jar:/home/pszanto/.m2/repository/com/vaadin/vaadin/6.7.6/vaadin-6.7.6.jar:/home/pszanto/.m2/repository/com/vaadin/com.vaadin.spring.roo.annotations/1.1.1/com.vaadin.spring.roo.annotations-1.1.1.jar:/home/pszanto/.m2/repository/org/vaadin/addons/customfield/0.9.4/customfield-0.9.4.jar:/home/pszanto/.m2/repository/org/vaadin/addons/navigator/0.3/navigator-0.3.jar:/home/pszanto/.m2/repository/org/springframework/spring-web/3.1.0.RELEASE/spring-web-3.1.0.RELEASE.jar:/home/pszanto/.m2/repository/com/vaadin/addon/beanvalidation-addon/1.0.0/beanvalidation-addon-1.0.0.jar:"/>
    <property name="java.specification.name" value="Java Platform API Specification"/>
    <property name="java.class.version" value="50.0"/>
    <property name="sun.management.compiler" value="HotSpot 64-Bit Tiered Compilers"/>
    <property name="os.version" value="3.2.0-26-generic"/>
    <property name="user.home" value="/home/pszanto"/>
    <property name="user.timezone" value="Europe/Budapest"/>
    <property name="java.awt.printerjob" value="sun.print.PSPrinterJob"/>
    <property name="file.encoding" value="UTF-8"/>
    <property name="java.specification.version" value="1.6"/>
    <property name="user.name" value="pszanto"/>
    <property name="java.class.path" value="/opt/dev/vaadin-roo-example/target/test-classes:/opt/dev/vaadin-roo-example/target/classes:/home/pszanto/.m2/repository/junit/junit/4.8.2/junit-4.8.2.jar:/home/pszanto/.m2/repository/log4j/log4j/1.2.16/log4j-1.2.16.jar:/home/pszanto/.m2/repository/org/slf4j/slf4j-api/1.6.1/slf4j-api-1.6.1.jar:/home/pszanto/.m2/repository/org/slf4j/jcl-over-slf4j/1.6.1/jcl-over-slf4j-1.6.1.jar:/home/pszanto/.m2/repository/org/slf4j/slf4j-log4j12/1.6.1/slf4j-log4j12-1.6.1.jar:/home/pszanto/.m2/repository/org/aspectj/aspectjrt/1.6.11/aspectjrt-1.6.11.jar:/home/pszanto/.m2/repository/org/aspectj/aspectjweaver/1.6.11/aspectjweaver-1.6.11.jar:/home/pszanto/.m2/repository/javax/servlet/servlet-api/2.5/servlet-api-2.5.jar:/home/pszanto/.m2/repository/net/sf/flexjson/flexjson/2.1/flexjson-2.1.jar:/home/pszanto/.m2/repository/org/springframework/roo/org.springframework.roo.annotations/1.2.2.RELEASE/org.springframework.roo.annotations-1.2.2.RELEASE.jar:/home/pszanto/.m2/repository/org/apache/commons/commons-lang3/3.0/commons-lang3-3.0.jar:/home/pszanto/.m2/repository/commons-io/commons-io/2.1/commons-io-2.1.jar:/home/pszanto/.m2/repository/commons-codec/commons-codec/1.6/commons-codec-1.6.jar:/home/pszanto/.m2/repository/org/springframework/spring-core/3.1.0.RELEASE/spring-core-3.1.0.RELEASE.jar:/home/pszanto/.m2/repository/org/springframework/spring-asm/3.1.0.RELEASE/spring-asm-3.1.0.RELEASE.jar:/home/pszanto/.m2/repository/org/springframework/spring-test/3.1.0.RELEASE/spring-test-3.1.0.RELEASE.jar:/home/pszanto/.m2/repository/org/springframework/spring-context/3.1.0.RELEASE/spring-context-3.1.0.RELEASE.jar:/home/pszanto/.m2/repository/org/springframework/spring-aop/3.1.0.RELEASE/spring-aop-3.1.0.RELEASE.jar:/home/pszanto/.m2/repository/aopalliance/aopalliance/1.0/aopalliance-1.0.jar:/home/pszanto/.m2/repository/org/springframework/spring-beans/3.1.0.RELEASE/spring-beans-3.1.0.RELEASE.jar:/home/pszanto/.m2/repository/org/springframework/spring-expression/3.1.0.RELEASE/spring-expression-3.1.0.RELEASE.jar:/home/pszanto/.m2/repository/org/springframework/spring-aspects/3.1.0.RELEASE/spring-aspects-3.1.0.RELEASE.jar:/home/pszanto/.m2/repository/org/springframework/spring-context-support/3.1.0.RELEASE/spring-context-support-3.1.0.RELEASE.jar:/home/pszanto/.m2/repository/org/springframework/spring-tx/3.1.0.RELEASE/spring-tx-3.1.0.RELEASE.jar:/home/pszanto/.m2/repository/org/hsqldb/hsqldb/1.8.0.10/hsqldb-1.8.0.10.jar:/home/pszanto/.m2/repository/org/hibernate/hibernate-core/3.6.9.Final/hibernate-core-3.6.9.Final.jar:/home/pszanto/.m2/repository/antlr/antlr/2.7.6/antlr-2.7.6.jar:/home/pszanto/.m2/repository/commons-collections/commons-collections/3.2.1/commons-collections-3.2.1.jar:/home/pszanto/.m2/repository/dom4j/dom4j/1.6.1/dom4j-1.6.1.jar:/home/pszanto/.m2/repository/org/hibernate/hibernate-commons-annotations/3.2.0.Final/hibernate-commons-annotations-3.2.0.Final.jar:/home/pszanto/.m2/repository/org/hibernate/javax/persistence/hibernate-jpa-2.0-api/1.0.1.Final/hibernate-jpa-2.0-api-1.0.1.Final.jar:/home/pszanto/.m2/repository/javax/transaction/jta/1.1/jta-1.1.jar:/home/pszanto/.m2/repository/org/hibernate/hibernate-entitymanager/3.6.9.Final/hibernate-entitymanager-3.6.9.Final.jar:/home/pszanto/.m2/repository/javassist/javassist/3.12.0.GA/javassist-3.12.0.GA.jar:/home/pszanto/.m2/repository/org/hibernate/hibernate-validator/4.2.0.Final/hibernate-validator-4.2.0.Final.jar:/home/pszanto/.m2/repository/javax/validation/validation-api/1.0.0.GA/validation-api-1.0.0.GA.jar:/home/pszanto/.m2/repository/cglib/cglib-nodep/2.2.2/cglib-nodep-2.2.2.jar:/home/pszanto/.m2/repository/org/springframework/spring-jdbc/3.1.0.RELEASE/spring-jdbc-3.1.0.RELEASE.jar:/home/pszanto/.m2/repository/org/springframework/spring-orm/3.1.0.RELEASE/spring-orm-3.1.0.RELEASE.jar:/home/pszanto/.m2/repository/commons-pool/commons-pool/1.5.6/commons-pool-1.5.6.jar:/home/pszanto/.m2/repository/commons-dbcp/commons-dbcp/1.3/commons-dbcp-1.3.jar:/home/pszanto/.m2/repository/com/vaadin/vaadin/6.7.6/vaadin-6.7.6.jar:/home/pszanto/.m2/repository/com/vaadin/com.vaadin.spring.roo.annotations/1.1.1/com.vaadin.spring.roo.annotations-1.1.1.jar:/home/pszanto/.m2/repository/org/vaadin/addons/customfield/0.9.4/customfield-0.9.4.jar:/home/pszanto/.m2/repository/org/vaadin/addons/navigator/0.3/navigator-0.3.jar:/home/pszanto/.m2/repository/org/springframework/spring-web/3.1.0.RELEASE/spring-web-3.1.0.RELEASE.jar:/home/pszanto/.m2/repository/com/vaadin/addon/beanvalidation-addon/1.0.0/beanvalidation-addon-1.0.0.jar:"/>
    <property name="java.vm.specification.version" value="1.0"/>
    <property name="sun.arch.data.model" value="64"/>
    <property name="java.home" value="/usr/lib/jvm/jdk1.6.0_32/jre"/>
    <property name="sun.java.command" value="/opt/dev/vaadin-roo-example/target/surefire/surefirebooter8416510455509808681.jar /opt/dev/vaadin-roo-example/target/surefire/surefire1519787008038782674tmp /opt/dev/vaadin-roo-example/target/surefire/surefire5721310763757329393tmp"/>
    <property name="java.specification.vendor" value="Sun Microsystems Inc."/>
    <property name="user.language" value="en"/>
    <property name="java.vm.info" value="mixed mode"/>
    <property name="java.version" value="1.6.0_32"/>
    <property name="java.ext.dirs" value="/usr/lib/jvm/jdk1.6.0_32/jre/lib/ext:/usr/java/packages/lib/ext"/>
    <property name="sun.boot.class.path" value="/usr/lib/jvm/jdk1.6.0_32/jre/lib/resources.jar:/usr/lib/jvm/jdk1.6.0_32/jre/lib/rt.jar:/usr/lib/jvm/jdk1.6.0_32/jre/lib/sunrsasign.jar:/usr/lib/jvm/jdk1.6.0_32/jre/lib/jsse.jar:/usr/lib/jvm/jdk1.6.0_32/jre/lib/jce.jar:/usr/lib/jvm/jdk1.6.0_32/jre/lib/charsets.jar:/usr/lib/jvm/jdk1.6.0_32/jre/lib/modules/jdk.boot.jar:/usr/lib/jvm/jdk1.6.0_32/jre/classes"/>
    <property name="java.vendor" value="Sun Microsystems Inc."/>
    <property name="localRepository" value="/home/pszanto/.m2/repository"/>
    <property name="file.separator" value="/"/>
    <property name="java.vendor.url.bug" value="http://java.sun.com/cgi-bin/bugreport.cgi"/>
    <property name="sun.cpu.endian" value="little"/>
    <property name="sun.io.unicode.encoding" value="UnicodeLittle"/>
    <property name="sun.desktop" value="gnome"/>
    <property name="sun.cpu.isalist" value=""/>
  </properties>
  <testcase time="0.005" classname="org.szanto.domain.PizzaIntegrationTest" name="testMarkerMethod"/>
  <testcase time="0.067" classname="org.szanto.domain.PizzaIntegrationTest" name="testFlush"/>
  <testcase time="0.076" classname="org.szanto.domain.PizzaIntegrationTest" name="testMergeUpdate"/>
  <testcase time="0.058" classname="org.szanto.domain.PizzaIntegrationTest" name="testPersist"/>
  <testcase time="0.04" classname="org.szanto.domain.PizzaIntegrationTest" name="testRemove"/>
  <testcase time="0.049" classname="org.szanto.domain.PizzaIntegrationTest" name="testCountPizzas"/>
  <testcase time="0.057" classname="org.szanto.domain.PizzaIntegrationTest" name="testFindPizza"/>
  <testcase time="0.041" classname="org.szanto.domain.PizzaIntegrationTest" name="testFindAllPizzas"/>
  <testcase time="0.049" classname="org.szanto.domain.PizzaIntegrationTest" name="testFindPizzaEntries"/>
</testsuite>